<?xml version="1.0" encoding="UTF-8"?>
<!-- Generated by org.testng.reporters.JUnitReportReporter -->
<testsuite hostname="MSI" failures="0" tests="3" name="Selenium" time="8.164" errors="0" timestamp="2022-05-26T01:49:30 IST" skipped="0">
  <testcase classname="Selenium" name="navigateToBajajWebPage" time="2.750"/>
  <system-out/>
  <testcase classname="Selenium" name="searchDoctorAndSelectSlot" time="2.319"/>
  <system-out/>
  <testcase classname="Selenium" name="checkAppointmentDetails" time="3.095"/>
  <system-out/>
</testsuite> <!-- Selenium -->
