<?xml version="1.0" encoding="UTF-8"?>
<!-- Generated by org.testng.reporters.JUnitReportReporter -->
<testsuite hostname="MSI" failures="0" tests="7" name="test.Amazon" time="29.674" errors="0" timestamp="2022-06-04T10:58:54 IST" skipped="0">
  <testcase classname="test.Amazon" name="logIn" time="2.444"/>
  <system-out/>
  <testcase classname="test.Amazon" name="selectDropDown" time="4.613"/>
  <system-out/>
  <testcase classname="test.Amazon" name="searchIphone12" time="4.915"/>
  <system-out/>
  <testcase classname="test.Amazon" name="selectFirstResult" time="0.160"/>
  <system-out/>
  <testcase classname="test.Amazon" name="addToCart" time="7.560"/>
  <system-out/>
  <testcase classname="test.Amazon" name="goTocart" time="9.954"/>
  <system-out/>
  <testcase classname="test.Amazon" name="checkCartdetails" time="0.028"/>
  <system-out/>
</testsuite> <!-- test.Amazon -->
