<?xml version="1.0" encoding="UTF-8"?>
<!-- Generated by org.testng.reporters.JUnitReportReporter -->
<testsuite hostname="MSI" failures="0" tests="3" name="test.BajajFinservHealth" time="15.326" errors="0" timestamp="2022-06-04T11:08:30 IST" skipped="0">
  <testcase classname="test.BajajFinservHealth" name="navigateToBajajWebPage" time="8.852"/>
  <system-out/>
  <testcase classname="test.BajajFinservHealth" name="searchDoctorAndSelectSlot" time="2.336"/>
  <system-out/>
  <testcase classname="test.BajajFinservHealth" name="checkAppointmentDetails" time="4.138"/>
  <system-out/>
</testsuite> <!-- test.BajajFinservHealth -->
